Jan 29, 2019 12:53:56 PM net.etfbl.garage.application.UserGarageSimulator read
INFO: null
Jan 29, 2019 12:55:05 PM net.etfbl.garage.application.UserGarageSimulator read
INFO: null
Jan 29, 2019 10:07:47 PM net.etfbl.garage.application.AdminGarageSimulator read
INFO: null
Jan 29, 2019 10:13:01 PM net.etfbl.garage.models.reports.AccidentReport <init>
INFO: Exception while reading first photo during the creation of Report.
Jan 29, 2019 10:13:01 PM net.etfbl.garage.models.reports.AccidentReport <init>
INFO: Exception while reading second photo during the creation of Report.
Jan 29, 2019 10:13:15 PM net.etfbl.garage.models.reports.AccidentReport <init>
INFO: Exception while reading first photo during the creation of Report.
Jan 29, 2019 10:13:15 PM net.etfbl.garage.models.reports.AccidentReport <init>
INFO: Exception while reading second photo during the creation of Report.
Jan 29, 2019 10:15:42 PM net.etfbl.garage.models.reports.AccidentReport <init>
INFO: Exception while reading first photo during the creation of Report.
Jan 29, 2019 10:15:42 PM net.etfbl.garage.models.reports.AccidentReport <init>
INFO: Exception while reading second photo during the creation of Report.
Jan 29, 2019 10:15:56 PM net.etfbl.garage.models.reports.AccidentReport <init>
INFO: Exception while reading first photo during the creation of Report.
Jan 29, 2019 10:15:56 PM net.etfbl.garage.models.reports.AccidentReport <init>
INFO: Exception while reading second photo during the creation of Report.
